TN:
SF:./dist/angular-socialsharing.js
FN:1,(anonymous_1)
FN:23,(anonymous_2)
FN:33,fbAsyncInit
FN:35,(anonymous_4)
FN:49,(anonymous_5)
FN:55,(anonymous_6)
FN:67,Facebook
FN:72,(anonymous_8)
FN:82,(anonymous_9)
FN:90,(anonymous_10)
FN:98,(anonymous_11)
FN:111,(anonymous_12)
FN:112,(anonymous_13)
FN:121,(anonymous_14)
FN:147,(anonymous_15)
FN:151,(anonymous_16)
FN:166,(anonymous_17)
FN:168,(anonymous_18)
FN:172,(anonymous_19)
FN:177,(anonymous_20)
FN:192,(anonymous_21)
FN:195,(anonymous_22)
FN:208,(anonymous_23)
FN:211,(anonymous_24)
FN:248,(anonymous_25)
FN:256,(anonymous_26)
FN:262,(anonymous_27)
FN:272,loadSdkAsync
FN:274,(anonymous_29)
FNF:29
FNH:12
FNDA:1,(anonymous_1)
FNDA:14,(anonymous_2)
FNDA:1,fbAsyncInit
FNDA:0,(anonymous_4)
FNDA:1,(anonymous_5)
FNDA:0,(anonymous_6)
FNDA:1,Facebook
FNDA:0,(anonymous_8)
FNDA:0,(anonymous_9)
FNDA:1,(anonymous_10)
FNDA:14,(anonymous_11)
FNDA:0,(anonymous_12)
FNDA:0,(anonymous_13)
FNDA:0,(anonymous_14)
FNDA:0,(anonymous_15)
FNDA:0,(anonymous_16)
FNDA:1,(anonymous_17)
FNDA:0,(anonymous_18)
FNDA:0,(anonymous_19)
FNDA:0,(anonymous_20)
FNDA:0,(anonymous_21)
FNDA:0,(anonymous_22)
FNDA:13,(anonymous_23)
FNDA:10,(anonymous_24)
FNDA:0,(anonymous_25)
FNDA:0,(anonymous_26)
FNDA:0,(anonymous_27)
FNDA:15,loadSdkAsync
FNDA:15,(anonymous_29)
DA:1,1
DA:8,1
DA:14,1
DA:15,1
DA:20,1
DA:25,14
DA:28,14
DA:33,1
DA:34,1
DA:35,1
DA:36,0
DA:45,0
DA:49,14
DA:51,1
DA:53,1
DA:55,0
DA:57,0
DA:58,0
DA:60,0
DA:64,1
DA:67,1
DA:68,1
DA:69,1
DA:72,14
DA:74,0
DA:75,0
DA:78,0
DA:79,0
DA:81,0
DA:82,0
DA:84,0
DA:88,14
DA:91,1
DA:95,1
DA:100,14
DA:101,14
DA:104,14
DA:107,14
DA:111,14
DA:112,0
DA:113,0
DA:114,0
DA:117,0
DA:121,14
DA:124,0
DA:125,0
DA:126,0
DA:128,0
DA:130,0
DA:131,0
DA:133,0
DA:134,0
DA:136,0
DA:139,0
DA:147,14
DA:149,0
DA:151,0
DA:153,0
DA:154,0
DA:156,0
DA:162,14
DA:164,14
DA:167,1
DA:170,0
DA:172,0
DA:173,0
DA:174,0
DA:177,0
DA:179,0
DA:181,0
DA:182,0
DA:183,0
DA:185,0
DA:189,0
DA:191,0
DA:193,0
DA:196,0
DA:199,0
DA:205,1
DA:210,13
DA:213,10
DA:216,10
DA:217,10
DA:219,10
DA:220,1
DA:223,10
DA:225,10
DA:226,2
DA:227,2
DA:229,8
DA:230,4
DA:231,2
DA:232,2
DA:233,2
DA:237,4
DA:242,10
DA:243,3
DA:246,10
DA:250,0
DA:251,0
DA:255,0
DA:258,0
DA:259,0
DA:260,0
DA:264,0
DA:265,0
DA:268,0
DA:272,1
DA:274,15
DA:275,15
DA:276,15
DA:277,13
DA:278,13
DA:280,2
DA:281,2
DA:282,2
DA:283,2
DA:284,2
LF:118
LH:62
BRDA:34,1,0,1
BRDA:34,1,1,0
BRDA:53,2,0,0
BRDA:53,2,1,1
BRDA:57,3,0,0
BRDA:57,3,1,0
BRDA:60,4,0,0
BRDA:60,4,1,0
BRDA:74,5,0,0
BRDA:74,5,1,0
BRDA:78,6,0,0
BRDA:78,6,1,0
BRDA:81,7,0,0
BRDA:81,7,1,0
BRDA:113,8,0,0
BRDA:113,8,1,0
BRDA:124,9,0,0
BRDA:124,9,1,0
BRDA:125,10,0,0
BRDA:125,10,1,0
BRDA:128,11,0,0
BRDA:128,11,1,0
BRDA:128,11,2,0
BRDA:149,12,0,0
BRDA:149,12,1,0
BRDA:153,13,0,0
BRDA:153,13,1,0
BRDA:156,14,0,0
BRDA:156,14,1,0
BRDA:181,15,0,0
BRDA:181,15,1,0
BRDA:181,16,0,0
BRDA:181,16,1,0
BRDA:217,17,0,10
BRDA:217,17,1,0
BRDA:219,18,0,1
BRDA:219,18,1,9
BRDA:219,19,0,10
BRDA:219,19,1,1
BRDA:225,20,0,2
BRDA:225,20,1,8
BRDA:229,21,0,4
BRDA:229,21,1,4
BRDA:231,22,0,2
BRDA:231,22,1,0
BRDA:242,23,0,3
BRDA:242,23,1,7
BRDA:276,24,0,13
BRDA:276,24,1,2
BRF:49
BRH:16
end_of_record
