TN:
SF:./dist/angular-socialsharing.js
FN:1,(anonymous_1)
FN:23,(anonymous_2)
FN:33,fbAsyncInit
FN:35,(anonymous_4)
FN:49,(anonymous_5)
FN:55,(anonymous_6)
FN:70,Facebook
FN:74,(anonymous_8)
FN:84,(anonymous_9)
FN:92,(anonymous_10)
FN:100,(anonymous_11)
FN:113,(anonymous_12)
FN:114,(anonymous_13)
FN:123,(anonymous_14)
FN:149,(anonymous_15)
FN:153,(anonymous_16)
FN:168,(anonymous_17)
FN:170,(anonymous_18)
FN:174,(anonymous_19)
FN:179,(anonymous_20)
FN:194,(anonymous_21)
FN:197,(anonymous_22)
FN:210,(anonymous_23)
FN:213,(anonymous_24)
FN:250,(anonymous_25)
FN:258,(anonymous_26)
FN:264,(anonymous_27)
FN:274,loadSdkAsync
FN:276,(anonymous_29)
FNF:29
FNH:12
FNDA:1,(anonymous_1)
FNDA:14,(anonymous_2)
FNDA:1,fbAsyncInit
FNDA:0,(anonymous_4)
FNDA:1,(anonymous_5)
FNDA:0,(anonymous_6)
FNDA:1,Facebook
FNDA:0,(anonymous_8)
FNDA:0,(anonymous_9)
FNDA:1,(anonymous_10)
FNDA:14,(anonymous_11)
FNDA:0,(anonymous_12)
FNDA:0,(anonymous_13)
FNDA:0,(anonymous_14)
FNDA:0,(anonymous_15)
FNDA:0,(anonymous_16)
FNDA:1,(anonymous_17)
FNDA:0,(anonymous_18)
FNDA:0,(anonymous_19)
FNDA:0,(anonymous_20)
FNDA:0,(anonymous_21)
FNDA:0,(anonymous_22)
FNDA:13,(anonymous_23)
FNDA:10,(anonymous_24)
FNDA:0,(anonymous_25)
FNDA:0,(anonymous_26)
FNDA:0,(anonymous_27)
FNDA:15,loadSdkAsync
FNDA:15,(anonymous_29)
DA:1,1
DA:8,1
DA:14,1
DA:15,1
DA:20,1
DA:25,14
DA:28,14
DA:33,1
DA:34,1
DA:35,1
DA:36,0
DA:45,0
DA:49,14
DA:51,1
DA:53,1
DA:55,0
DA:57,0
DA:58,0
DA:60,0
DA:65,1
DA:67,1
DA:70,1
DA:71,1
DA:74,14
DA:76,0
DA:77,0
DA:80,0
DA:81,0
DA:83,0
DA:84,0
DA:86,0
DA:90,14
DA:93,1
DA:97,1
DA:102,14
DA:103,14
DA:106,14
DA:109,14
DA:113,14
DA:114,0
DA:115,0
DA:116,0
DA:119,0
DA:123,14
DA:126,0
DA:127,0
DA:128,0
DA:130,0
DA:132,0
DA:133,0
DA:135,0
DA:136,0
DA:138,0
DA:141,0
DA:149,14
DA:151,0
DA:153,0
DA:155,0
DA:156,0
DA:158,0
DA:164,14
DA:166,14
DA:169,1
DA:172,0
DA:174,0
DA:175,0
DA:176,0
DA:179,0
DA:181,0
DA:183,0
DA:184,0
DA:185,0
DA:187,0
DA:191,0
DA:193,0
DA:195,0
DA:198,0
DA:201,0
DA:207,1
DA:212,13
DA:215,10
DA:218,10
DA:219,10
DA:221,10
DA:222,1
DA:225,10
DA:227,10
DA:228,2
DA:229,2
DA:231,8
DA:232,4
DA:233,2
DA:234,2
DA:235,2
DA:239,4
DA:244,10
DA:245,3
DA:248,10
DA:252,0
DA:253,0
DA:257,0
DA:260,0
DA:261,0
DA:262,0
DA:266,0
DA:267,0
DA:270,0
DA:274,1
DA:276,15
DA:277,15
DA:278,15
DA:279,13
DA:280,13
DA:282,2
DA:283,2
DA:284,2
DA:285,2
DA:286,2
LF:118
LH:62
BRDA:34,1,0,1
BRDA:34,1,1,0
BRDA:53,2,0,0
BRDA:53,2,1,1
BRDA:57,3,0,0
BRDA:57,3,1,0
BRDA:60,4,0,0
BRDA:60,4,1,0
BRDA:76,5,0,0
BRDA:76,5,1,0
BRDA:80,6,0,0
BRDA:80,6,1,0
BRDA:83,7,0,0
BRDA:83,7,1,0
BRDA:115,8,0,0
BRDA:115,8,1,0
BRDA:126,9,0,0
BRDA:126,9,1,0
BRDA:127,10,0,0
BRDA:127,10,1,0
BRDA:130,11,0,0
BRDA:130,11,1,0
BRDA:130,11,2,0
BRDA:151,12,0,0
BRDA:151,12,1,0
BRDA:155,13,0,0
BRDA:155,13,1,0
BRDA:158,14,0,0
BRDA:158,14,1,0
BRDA:183,15,0,0
BRDA:183,15,1,0
BRDA:183,16,0,0
BRDA:183,16,1,0
BRDA:219,17,0,10
BRDA:219,17,1,0
BRDA:221,18,0,1
BRDA:221,18,1,9
BRDA:221,19,0,10
BRDA:221,19,1,1
BRDA:227,20,0,2
BRDA:227,20,1,8
BRDA:231,21,0,4
BRDA:231,21,1,4
BRDA:233,22,0,2
BRDA:233,22,1,0
BRDA:244,23,0,3
BRDA:244,23,1,7
BRDA:278,24,0,13
BRDA:278,24,1,2
BRF:49
BRH:16
end_of_record
